<?xml version="1.0" encoding="UTF-8"?>
<!-- Generated by org.testng.reporters.JUnitXMLReporter -->
<testsuite ignored="0" hostname="DESKTOP-EQ55Q8H" failures="0" tests="1" name="Chrome Test" time="0.156" errors="0" timestamp="2022-07-01T07:45:42 IST">
  <testcase classname="KitepomUsingTestNG.ValidateKiteAppUsername" name="@BeforeClass launchBrowser" time="-1.656641742045E9">
    <failure type="org.testng.TestNGException" message="
Can inject only one of &amp;lt;ITestContext, XmlTest&amp;gt; into a @BeforeClass annotated launchBrowser.
For more information on native dependency injection please refer to https://testng.org/doc/documentation-main.html#native-dependency-injection">
      <![CDATA[org.testng.TestNGException: 
Can inject only one of <ITestContext, XmlTest> into a @BeforeClass annotated launchBrowser.
For more information on native dependency injection please refer to https://testng.org/doc/documentation-main.html#native-dependency-injection
at java.base/java.util.ArrayList.forEach(ArrayList.java:1511)
at java.base/java.util.concurrent.FutureTask.run(FutureTask.java:264)
at java.base/java.util.concurrent.ThreadPoolExecutor.runWorker(ThreadPoolExecutor.java:1136)
at java.base/java.util.concurrent.ThreadPoolExecutor$Worker.run(ThreadPoolExecutor.java:635)
at java.base/java.lang.Thread.run(Thread.java:833)
... Removed 13 stack frames]]>
    </failure>
  </testcase> <!-- @BeforeClass launchBrowser -->
  <testcase classname="KitepomUsingTestNG.ValidateKiteAppUsername" name="@BeforeClass launchBrowser" time="-1.656641742045E9">
    <failure type="org.testng.TestNGException" message="
Can inject only one of &amp;lt;ITestContext, XmlTest&amp;gt; into a @BeforeClass annotated launchBrowser.
For more information on native dependency injection please refer to https://testng.org/doc/documentation-main.html#native-dependency-injection">
      <![CDATA[org.testng.TestNGException: 
Can inject only one of <ITestContext, XmlTest> into a @BeforeClass annotated launchBrowser.
For more information on native dependency injection please refer to https://testng.org/doc/documentation-main.html#native-dependency-injection
at java.base/java.util.ArrayList.forEach(ArrayList.java:1511)
at java.base/java.util.concurrent.FutureTask.run(FutureTask.java:264)
at java.base/java.util.concurrent.ThreadPoolExecutor.runWorker(ThreadPoolExecutor.java:1136)
at java.base/java.util.concurrent.ThreadPoolExecutor$Worker.run(ThreadPoolExecutor.java:635)
at java.base/java.lang.Thread.run(Thread.java:833)
... Removed 13 stack frames]]>
    </failure>
  </testcase> <!-- @BeforeClass launchBrowser -->
  <testcase classname="KitepomUsingTestNG.ValidateKiteAppUsername" name="@BeforeMethod logintokiteApp" time="-1.656641742126E9">
    <skipped/>
  </testcase> <!-- @BeforeMethod logintokiteApp -->
  <testcase classname="KitepomUsingTestNG.ValidateKiteAppUsername" name="@BeforeMethod logintokiteApp" time="-1.656641742125E9">
    <skipped/>
  </testcase> <!-- @BeforeMethod logintokiteApp -->
  <testcase classname="KitepomUsingTestNG.ValidateKiteAppUsername" name="@AfterMethod logoutfromkiteapp" time="-1.656641742149E9">
    <skipped/>
  </testcase> <!-- @AfterMethod logoutfromkiteapp -->
  <testcase classname="KitepomUsingTestNG.ValidateKiteAppUsername" name="@AfterClass closeB" time="-1.656641742153E9">
    <skipped/>
  </testcase> <!-- @AfterClass closeB -->
  <testcase classname="KitepomUsingTestNG.ValidateKiteAppUsername" name="@AfterMethod logoutfromkiteapp" time="-1.656641742185E9">
    <skipped/>
  </testcase> <!-- @AfterMethod logoutfromkiteapp -->
  <testcase classname="KitepomUsingTestNG.ValidateKiteAppUsername" name="@AfterClass closeB" time="-1.656641742196E9">
    <skipped/>
  </testcase> <!-- @AfterClass closeB -->
  <testcase classname="KitepomUsingTestNG.ValidateKiteAppUsername" name="validateUserd" time="0.0">
    <skipped/>
  </testcase> <!-- validateUserd -->
</testsuite> <!-- Chrome Test -->
