<?xml version="1.0" encoding="UTF-8"?>
<!-- Generated by org.testng.reporters.JUnitXMLReporter -->
<testsuite ignored="0" hostname="DESKTOP-EQ55Q8H" failures="0" tests="1" name="ChromeTests" time="0.139" errors="0" timestamp="2022-06-30T17:29:17 IST">
  <testcase classname="KitepomUsingTestNG.ValidateKiteAppUsername" name="@BeforeClass launchBrowser" time="-1.656590357456E9">
    <failure type="org.testng.TestNGException" message="
Can inject only one of &amp;lt;ITestContext, XmlTest&amp;gt; into a @BeforeClass annotated launchBrowser.
For more information on native dependency injection please refer to https://testng.org/doc/documentation-main.html#native-dependency-injection">
      <![CDATA[org.testng.TestNGException: 
Can inject only one of <ITestContext, XmlTest> into a @BeforeClass annotated launchBrowser.
For more information on native dependency injection please refer to https://testng.org/doc/documentation-main.html#native-dependency-injection
at java.base/java.util.ArrayList.forEach(ArrayList.java:1511)
... Removed 22 stack frames]]>
    </failure>
  </testcase> <!-- @BeforeClass launchBrowser -->
  <testcase classname="KitepomUsingTestNG.ValidateKiteAppUsername" name="@BeforeMethod logintokiteApp" time="-1.656590357517E9">
    <skipped/>
  </testcase> <!-- @BeforeMethod logintokiteApp -->
  <testcase classname="KitepomUsingTestNG.ValidateKiteAppUsername" name="@AfterMethod logoutfromkiteapp" time="-1.656590357538E9">
    <skipped/>
  </testcase> <!-- @AfterMethod logoutfromkiteapp -->
  <testcase classname="KitepomUsingTestNG.ValidateKiteAppUsername" name="@AfterClass closeB" time="-1.656590357544E9">
    <skipped/>
  </testcase> <!-- @AfterClass closeB -->
  <testcase classname="KitepomUsingTestNG.ValidateKiteAppUsername" name="validateUserd" time="0.0">
    <skipped/>
  </testcase> <!-- validateUserd -->
</testsuite> <!-- ChromeTests -->
